<?xml version="1.0" encoding="UTF-8"?>
<robot generator="Robot 4.1.2 (Python 3.10.0 on win32)" generated="20211126 18:36:25.807" rpa="false" schemaversion="2">
<suite id="s1" name="TC 14" source="C:\Programming\RobotFrameWork\Automation\TC_14.robot">
<test id="s1-t1" name="LoginTest">
<kw name="open my browser" library="LogInKeywords">
<arg>${SiteUrl}</arg>
<arg>${Browser}</arg>
<kw name="Open Browser" library="SeleniumLibrary">
<arg>${SiteUrl}</arg>
<arg>${Browser}</arg>
<doc>Opens a new browser instance to the optional ``url``.</doc>
<msg timestamp="20211126 18:36:26.135" level="INFO">Opening browser 'chrome' to base url 'https://news.google.com/topstories?hl=en-US&amp;gl=US&amp;ceid=US:en'.</msg>
<status status="PASS" starttime="20211126 18:36:26.135" endtime="20211126 18:36:30.702"/>
</kw>
<kw name="Maximize Browser Window" library="SeleniumLibrary">
<doc>Maximizes current browser window.</doc>
<status status="PASS" starttime="20211126 18:36:30.702" endtime="20211126 18:36:30.917"/>
</kw>
<status status="PASS" starttime="20211126 18:36:26.135" endtime="20211126 18:36:30.917"/>
</kw>
<kw name="LoginToGoogle">
<kw name="Click SignIn" library="LogInKeywords">
<kw name="Click Link" library="SeleniumLibrary">
<arg>${btn_sign_in}</arg>
<doc>Clicks a link identified by ``locator``.</doc>
<msg timestamp="20211126 18:36:30.927" level="INFO">Clicking link 'xpath:/html/body/div[4]/header/div[2]/div[3]/div[1]/a'.</msg>
<status status="PASS" starttime="20211126 18:36:30.926" endtime="20211126 18:36:32.847"/>
</kw>
<status status="PASS" starttime="20211126 18:36:30.925" endtime="20211126 18:36:32.847"/>
</kw>
<kw name="Enter MailId" library="LogInKeywords">
<arg>${user}</arg>
<kw name="Input Text" library="SeleniumLibrary">
<arg>${txt_login_mail}</arg>
<arg>${username}</arg>
<doc>Types the given ``text`` into the text field identified by ``locator``.</doc>
<msg timestamp="20211126 18:36:32.850" level="INFO">Typing text 'san.qups' into text field 'id:identifierId'.</msg>
<status status="PASS" starttime="20211126 18:36:32.849" endtime="20211126 18:36:33.109"/>
</kw>
<status status="PASS" starttime="20211126 18:36:32.848" endtime="20211126 18:36:33.109"/>
</kw>
<kw name="Press Keys" library="SeleniumLibrary">
<arg>${txt_login_mail}</arg>
<arg>ENTER</arg>
<doc>Simulates the user pressing key(s) to an element or on the active browser.</doc>
<msg timestamp="20211126 18:36:33.110" level="INFO">Sending key(s) ('ENTER',) to id:identifierId element.</msg>
<msg timestamp="20211126 18:36:33.418" level="INFO">Pressing special key ENTER to element.</msg>
<msg timestamp="20211126 18:36:33.418" level="INFO">Releasing special key ENTER.</msg>
<status status="PASS" starttime="20211126 18:36:33.109" endtime="20211126 18:36:33.435"/>
</kw>
<kw name="Sleep" library="BuiltIn">
<arg>2</arg>
<doc>Pauses the test executed for the given time.</doc>
<msg timestamp="20211126 18:36:35.449" level="INFO">Slept 2 seconds</msg>
<status status="PASS" starttime="20211126 18:36:33.435" endtime="20211126 18:36:35.450"/>
</kw>
<kw name="Enter PasswordId" library="LogInKeywords">
<arg>${password}</arg>
<kw name="Input Text" library="SeleniumLibrary">
<arg>${text_login_pass}</arg>
<arg>${password}</arg>
<doc>Types the given ``text`` into the text field identified by ``locator``.</doc>
<msg timestamp="20211126 18:36:35.452" level="INFO">Typing text '07598426512' into text field 'xpath://*[@id='password']/div[1]/div/div[1]/input'.</msg>
<status status="PASS" starttime="20211126 18:36:35.451" endtime="20211126 18:36:35.573"/>
</kw>
<status status="PASS" starttime="20211126 18:36:35.450" endtime="20211126 18:36:35.573"/>
</kw>
<kw name="Press Keys" library="SeleniumLibrary">
<arg>${text_login_pass}</arg>
<arg>ENTER</arg>
<doc>Simulates the user pressing key(s) to an element or on the active browser.</doc>
<msg timestamp="20211126 18:36:35.574" level="INFO">Sending key(s) ('ENTER',) to xpath://*[@id='password']/div[1]/div/div[1]/input element.</msg>
<msg timestamp="20211126 18:36:35.875" level="INFO">Pressing special key ENTER to element.</msg>
<msg timestamp="20211126 18:36:35.875" level="INFO">Releasing special key ENTER.</msg>
<status status="PASS" starttime="20211126 18:36:35.573" endtime="20211126 18:36:35.893"/>
</kw>
<kw name="Sleep" library="BuiltIn">
<arg>2</arg>
<doc>Pauses the test executed for the given time.</doc>
<msg timestamp="20211126 18:36:37.905" level="INFO">Slept 2 seconds</msg>
<status status="PASS" starttime="20211126 18:36:35.893" endtime="20211126 18:36:37.905"/>
</kw>
<status status="PASS" starttime="20211126 18:36:30.923" endtime="20211126 18:36:37.906"/>
</kw>
<status status="PASS" starttime="20211126 18:36:26.135" endtime="20211126 18:36:37.906"/>
</test>
<test id="s1-t2" name="ClickOnHelpButton">
<kw name="ClickOnHelp">
<kw name="Sleep" library="BuiltIn">
<arg>5</arg>
<doc>Pauses the test executed for the given time.</doc>
<msg timestamp="20211126 18:36:42.912" level="INFO">Slept 5 seconds</msg>
<status status="PASS" starttime="20211126 18:36:37.908" endtime="20211126 18:36:42.912"/>
</kw>
<kw name="Click Help" library="HomePage">
<kw name="Click Element" library="SeleniumLibrary">
<arg>${click_help}</arg>
<doc>Click the element identified by ``locator``.</doc>
<msg timestamp="20211126 18:36:42.913" level="INFO">Clicking element 'xpath:/html/body/div[4]/header/div[4]/div[2]/div/c-wiz/div/div[12]/a'.</msg>
<status status="PASS" starttime="20211126 18:36:42.912" endtime="20211126 18:36:43.046"/>
</kw>
<status status="PASS" starttime="20211126 18:36:42.912" endtime="20211126 18:36:43.047"/>
</kw>
<status status="PASS" starttime="20211126 18:36:37.908" endtime="20211126 18:36:43.047"/>
</kw>
<status status="PASS" starttime="20211126 18:36:37.907" endtime="20211126 18:36:43.048"/>
</test>
<status status="PASS" starttime="20211126 18:36:25.807" endtime="20211126 18:36:43.052"/>
</suite>
<statistics>
<total>
<stat pass="2" fail="0" skip="0">All Tests</stat>
</total>
<tag>
</tag>
<suite>
<stat pass="2" fail="0" skip="0" id="s1" name="TC 14">TC 14</stat>
</suite>
</statistics>
<errors>
</errors>
</robot>
